<?xml version="1.0" encoding="UTF-8"?>
<!-- Generated by org.testng.reporters.JUnitXMLReporter -->
<testsuite ignored="0" hostname="Hbk" failures="0" tests="3" name="Test2" time="8.913" errors="0" timestamp="2025-12-05T16:44:12 IST">
  <testcase classname="testCase.TC003_LoginwithExcelData" name="Login" time="2.158"/>
  <testcase classname="testCase.TC003_LoginwithExcelData" name="Login" time="1.183"/>
  <testcase classname="testCase.TC003_LoginwithExcelData" name="Login" time="1.447"/>
</testsuite> <!-- Test2 -->
