<?xml version="1.0" encoding="UTF-8"?>
<!-- Generated by org.testng.reporters.JUnitXMLReporter -->
<testsuite ignored="0" hostname="Hbk" failures="0" tests="3" name="Test2" time="17.097" errors="0" timestamp="2025-12-05T17:02:52 IST">
  <testcase classname="testCase.TC003_LoginwithExcelData" name="Login" time="3.858"/>
  <testcase classname="testCase.TC003_LoginwithExcelData" name="Login" time="1.73"/>
  <testcase classname="testCase.TC003_LoginwithExcelData" name="Login" time="2.439"/>
</testsuite> <!-- Test2 -->
