<?xml version="1.0" encoding="UTF-8"?>
<!-- Generated by org.testng.reporters.JUnitReportReporter -->
<testsuite hostname="Hbk" failures="0" tests="3" name="testCase.TC003_LoginwithExcelData" time="4.788" errors="0" timestamp="2025-12-05T16:44:12 IST" skipped="0">
  <testcase classname="testCase.TC003_LoginwithExcelData" name="Login" time="1.447"/>
  <testcase classname="testCase.TC003_LoginwithExcelData" name="Login" time="2.158"/>
  <testcase classname="testCase.TC003_LoginwithExcelData" name="Login" time="1.183"/>
</testsuite> <!-- testCase.TC003_LoginwithExcelData -->
