<?xml version="1.0" encoding="UTF-8"?>
<!-- Generated by org.testng.reporters.JUnitReportReporter -->
<testsuite hostname="Hbk" failures="0" tests="3" name="testCase.TC003_LoginwithExcelData" time="8.027" errors="0" timestamp="2025-12-05T17:02:52 IST" skipped="0">
  <testcase classname="testCase.TC003_LoginwithExcelData" name="Login" time="2.439"/>
  <testcase classname="testCase.TC003_LoginwithExcelData" name="Login" time="3.858"/>
  <testcase classname="testCase.TC003_LoginwithExcelData" name="Login" time="1.730"/>
</testsuite> <!-- testCase.TC003_LoginwithExcelData -->
